TN:
SF:/Users/Sam/Desktop/Web/hw5/src/actions.js
FN:0,_interopRequireDefault
FN:6,resource
FN:17,(anonymous_3)
FNF:3
FNH:1
FNDA:1,_interopRequireDefault
FNDA:0,resource
FNDA:0,(anonymous_3)
DA:0,1
DA:1,1
DA:4,1
DA:6,1
DA:7,0
DA:14,0
DA:16,0
DA:18,0
DA:19,0
DA:22,0
DA:23,0
DA:29,1
LF:12
LH:5
BRDA:0,1,0,0
BRDA:0,1,1,1
BRDA:0,2,0,1
BRDA:0,2,1,1
BRDA:14,3,0,0
BRDA:14,3,1,0
BRDA:18,4,0,0
BRDA:18,4,1,0
BRDA:19,5,0,0
BRDA:19,5,1,0
BRF:10
BRH:4
end_of_record
TN:
SF:/Users/Sam/Desktop/Web/hw5/src/actions.spec.js
FN:0,_interopRequireDefault
FN:8,(anonymous_2)
FN:9,(anonymous_3)
FN:19,(anonymous_4)
FN:26,(anonymous_5)
FN:35,(anonymous_6)
FN:43,(anonymous_7)
FN:45,(anonymous_8)
FN:52,(anonymous_9)
FN:64,(anonymous_10)
FNF:10
FNH:7
FNDA:2,_interopRequireDefault
FNDA:1,(anonymous_2)
FNDA:3,(anonymous_3)
FNDA:3,(anonymous_4)
FNDA:1,(anonymous_5)
FNDA:0,(anonymous_6)
FNDA:1,(anonymous_7)
FNDA:0,(anonymous_8)
FNDA:1,(anonymous_9)
FNDA:0,(anonymous_10)
DA:0,2
DA:1,1
DA:2,1
DA:3,1
DA:6,1
DA:8,1
DA:9,1
DA:10,3
DA:11,0
DA:12,0
DA:13,0
DA:14,0
DA:15,0
DA:19,1
DA:20,3
DA:21,0
DA:22,0
DA:26,1
DA:28,1
DA:34,1
DA:36,0
DA:43,1
DA:44,1
DA:46,0
DA:52,1
DA:54,1
DA:55,1
DA:57,1
DA:63,1
DA:65,0
DA:66,0
LF:31
LH:20
BRDA:0,1,0,0
BRDA:0,1,1,2
BRDA:0,2,0,2
BRDA:0,2,1,2
BRDA:10,3,0,0
BRDA:10,3,1,3
BRDA:20,4,0,0
BRDA:20,4,1,3
BRF:8
BRH:6
end_of_record
TN:
SF:/Users/Sam/Desktop/Web/hw5/src/components/App.js
FN:0,_interopRequireDefault
FN:9,App
FN:24,(anonymous_3)
FN:29,(anonymous_4)
FNF:4
FNH:1
FNDA:4,_interopRequireDefault
FNDA:0,App
FNDA:0,(anonymous_3)
FNDA:0,(anonymous_4)
DA:0,4
DA:1,1
DA:2,1
DA:4,1
DA:5,1
DA:6,1
DA:9,1
DA:10,0
DA:11,0
DA:12,0
DA:13,0
DA:15,0
DA:19,1
DA:23,1
DA:25,0
DA:30,0
LF:16
LH:9
BRDA:0,1,0,3
BRDA:0,1,1,1
BRDA:0,2,0,4
BRDA:0,2,1,4
BRDA:10,3,0,0
BRDA:10,3,1,0
BRDA:12,4,0,0
BRDA:12,4,1,0
BRF:8
BRH:4
end_of_record
TN:
SF:/Users/Sam/Desktop/Web/hw5/src/components/main/main.js
FN:0,_interopRequireDefault
FN:10,Main
FN:35,(anonymous_3)
FN:41,(anonymous_4)
FNF:4
FNH:1
FNDA:5,_interopRequireDefault
FNDA:0,Main
FNDA:0,(anonymous_3)
FNDA:0,(anonymous_4)
DA:0,5
DA:1,1
DA:2,1
DA:3,1
DA:4,1
DA:5,1
DA:6,1
DA:10,1
DA:12,0
DA:34,1
DA:36,0
DA:42,0
LF:12
LH:9
BRDA:0,1,0,4
BRDA:0,1,1,1
BRDA:0,2,0,5
BRDA:0,2,1,5
BRF:4
BRH:4
end_of_record
TN:
SF:/Users/Sam/Desktop/Web/hw5/src/components/main/nav.js
FN:0,_interopRequireDefault
FN:6,Nav
FN:17,onClick
FN:20,onClick
FN:21,onClick
FN:36,(anonymous_6)
FNF:6
FNH:1
FNDA:1,_interopRequireDefault
FNDA:0,Nav
FNDA:0,onClick
FNDA:0,onClick
FNDA:0,onClick
FNDA:0,(anonymous_6)
DA:0,1
DA:1,1
DA:2,1
DA:3,1
DA:6,1
DA:8,0
DA:17,0
DA:20,0
DA:21,0
DA:29,1
DA:35,1
DA:37,0
LF:12
LH:7
BRDA:0,1,0,0
BRDA:0,1,1,1
BRDA:0,2,0,1
BRDA:0,2,1,1
BRF:4
BRH:4
end_of_record
TN:
SF:/Users/Sam/Desktop/Web/hw5/src/components/auth/authActions.js
FN:7,userLogin
FN:8,(anonymous_2)
FN:10,(anonymous_3)
FN:14,(anonymous_4)
FN:19,userLogout
FN:20,(anonymous_6)
FN:28,getData
FN:29,(anonymous_8)
FN:31,(anonymous_9)
FN:35,(anonymous_10)
FNF:10
FNH:0
FNDA:0,userLogin
FNDA:0,(anonymous_2)
FNDA:0,(anonymous_3)
FNDA:0,(anonymous_4)
FNDA:0,userLogout
FNDA:0,(anonymous_6)
FNDA:0,getData
FNDA:0,(anonymous_8)
FNDA:0,(anonymous_9)
FNDA:0,(anonymous_10)
DA:0,1
DA:1,1
DA:2,1
DA:3,1
DA:4,1
DA:5,1
DA:7,1
DA:8,0
DA:9,0
DA:11,0
DA:12,0
DA:13,0
DA:15,0
DA:19,1
DA:20,0
DA:21,0
DA:22,0
DA:23,0
DA:24,0
DA:28,1
DA:29,0
DA:30,0
DA:32,0
DA:33,0
DA:34,0
DA:40,1
LF:26
LH:10
BRF:0
BRH:0
end_of_record
TN:
SF:/Users/Sam/Desktop/Web/hw5/src/components/profile/profileActions.js
FN:3,updateData
FN:4,(anonymous_2)
FN:8,(anonymous_3)
FN:17,fetchData
FN:18,(anonymous_5)
FN:19,(anonymous_6)
FN:43,fetchProfile
FN:44,(anonymous_8)
FNF:8
FNH:0
FNDA:0,updateData
FNDA:0,(anonymous_2)
FNDA:0,(anonymous_3)
FNDA:0,fetchData
FNDA:0,(anonymous_5)
FNDA:0,(anonymous_6)
FNDA:0,fetchProfile
FNDA:0,(anonymous_8)
DA:0,1
DA:1,1
DA:3,1
DA:4,0
DA:5,0
DA:6,0
DA:7,0
DA:8,0
DA:9,0
DA:10,0
DA:11,0
DA:17,1
DA:18,0
DA:19,0
DA:20,0
DA:21,0
DA:23,0
DA:24,0
DA:28,0
DA:31,0
DA:34,0
DA:37,0
DA:38,0
DA:43,1
DA:44,0
DA:45,0
DA:46,0
DA:47,0
DA:48,0
DA:49,0
DA:53,1
LF:31
LH:6
BRDA:5,1,0,0
BRDA:5,1,1,0
BRDA:22,2,0,0
BRDA:22,2,1,0
BRDA:22,2,2,0
BRDA:22,2,3,0
BRDA:22,2,4,0
BRF:7
BRH:0
end_of_record
TN:
SF:/Users/Sam/Desktop/Web/hw5/src/components/article/articleActions.js
FN:0,_interopRequireDefault
FN:0,_toConsumableArray
FN:3,fetchArticles
FN:4,(anonymous_4)
FN:5,(anonymous_5)
FN:7,(anonymous_6)
FN:12,(anonymous_7)
FN:13,(anonymous_8)
FN:13,(anonymous_9)
FN:15,(anonymous_10)
FN:18,(anonymous_11)
FN:19,(anonymous_12)
FN:28,postArticle
FN:29,(anonymous_14)
FN:33,(anonymous_15)
FN:40,searchKeyword
FN:41,(anonymous_17)
FNF:17
FNH:2
FNDA:1,_interopRequireDefault
FNDA:0,_toConsumableArray
FNDA:0,fetchArticles
FNDA:0,(anonymous_4)
FNDA:0,(anonymous_5)
FNDA:0,(anonymous_6)
FNDA:0,(anonymous_7)
FNDA:0,(anonymous_8)
FNDA:0,(anonymous_9)
FNDA:0,(anonymous_10)
FNDA:0,(anonymous_11)
FNDA:0,(anonymous_12)
FNDA:0,postArticle
FNDA:0,(anonymous_14)
FNDA:0,(anonymous_15)
FNDA:0,searchKeyword
FNDA:0,(anonymous_17)
DA:0,1
DA:1,1
DA:3,1
DA:4,0
DA:5,0
DA:6,0
DA:7,0
DA:8,0
DA:10,0
DA:11,0
DA:12,0
DA:13,0
DA:14,0
DA:15,0
DA:16,0
DA:17,0
DA:19,0
DA:20,0
DA:22,0
DA:28,1
DA:29,0
DA:30,0
DA:31,0
DA:32,0
DA:34,0
DA:35,0
DA:40,1
DA:41,0
DA:42,0
DA:47,1
LF:30
LH:6
BRDA:0,1,0,1
BRDA:0,1,1,0
BRDA:0,2,0,1
BRDA:0,2,1,1
BRDA:0,3,0,0
BRDA:0,3,1,0
BRDA:16,4,0,0
BRDA:16,4,1,0
BRF:8
BRH:6
end_of_record
TN:
SF:/Users/Sam/Desktop/Web/hw5/src/components/main/followingActions.js
FN:5,fetchFollowers
FN:6,(anonymous_2)
FN:11,(anonymous_3)
FN:15,(anonymous_4)
FN:19,(anonymous_5)
FN:20,(anonymous_6)
FN:29,(anonymous_7)
FN:30,(anonymous_8)
FN:38,(anonymous_9)
FN:41,(anonymous_10)
FNF:10
FNH:0
FNDA:0,fetchFollowers
FNDA:0,(anonymous_2)
FNDA:0,(anonymous_3)
FNDA:0,(anonymous_4)
FNDA:0,(anonymous_5)
FNDA:0,(anonymous_6)
FNDA:0,(anonymous_7)
FNDA:0,(anonymous_8)
FNDA:0,(anonymous_9)
FNDA:0,(anonymous_10)
DA:0,1
DA:1,1
DA:5,1
DA:6,0
DA:7,0
DA:8,0
DA:10,0
DA:12,0
DA:13,0
DA:15,0
DA:16,0
DA:18,0
DA:20,0
DA:21,0
DA:22,0
DA:23,0
DA:28,0
DA:30,0
DA:31,0
DA:32,0
DA:33,0
DA:38,0
DA:39,0
DA:42,0
DA:46,1
LF:25
LH:4
BRDA:7,1,0,0
BRDA:7,1,1,0
BRDA:7,2,0,0
BRDA:7,2,1,0
BRDA:10,3,0,0
BRDA:10,3,1,0
BRDA:10,4,0,0
BRDA:10,4,1,0
BRDA:12,5,0,0
BRDA:12,5,1,0
BRDA:12,6,0,0
BRDA:12,6,1,0
BRDA:22,7,0,0
BRDA:22,7,1,0
BRDA:32,8,0,0
BRDA:32,8,1,0
BRF:16
BRH:0
end_of_record
TN:
SF:/Users/Sam/Desktop/Web/hw5/src/components/main/headline.js
FN:0,_interopRequireDefault
FN:5,Headline
FN:17,onClick
FN:23,updateHeadline
FN:32,(anonymous_5)
FNF:5
FNH:1
FNDA:1,_interopRequireDefault
FNDA:0,Headline
FNDA:0,onClick
FNDA:0,updateHeadline
FNDA:0,(anonymous_5)
DA:0,1
DA:1,1
DA:2,1
DA:3,1
DA:5,1
DA:7,0
DA:17,0
DA:23,1
DA:24,0
DA:25,0
DA:26,0
DA:27,0
DA:31,1
DA:33,0
LF:14
LH:7
BRDA:0,1,0,0
BRDA:0,1,1,1
BRDA:0,2,0,1
BRDA:0,2,1,1
BRDA:25,3,0,0
BRDA:25,3,1,0
BRF:6
BRH:4
end_of_record
TN:
SF:/Users/Sam/Desktop/Web/hw5/src/components/main/following.js
FN:0,_interopRequireDefault
FN:6,SingleUser
FN:14,onClick
FN:19,Following
FN:25,onClick
FN:32,(anonymous_6)
FN:32,(anonymous_7)
FN:43,addFollowing
FN:52,(anonymous_9)
FNF:9
FNH:1
FNDA:1,_interopRequireDefault
FNDA:0,SingleUser
FNDA:0,onClick
FNDA:0,Following
FNDA:0,onClick
FNDA:0,(anonymous_6)
FNDA:0,(anonymous_7)
FNDA:0,addFollowing
FNDA:0,(anonymous_9)
DA:0,1
DA:1,1
DA:2,1
DA:3,1
DA:6,1
DA:7,0
DA:14,0
DA:19,1
DA:21,0
DA:25,0
DA:32,0
DA:34,0
DA:43,1
DA:44,0
DA:45,0
DA:46,0
DA:48,0
DA:51,1
DA:53,0
LF:19
LH:8
BRDA:0,1,0,0
BRDA:0,1,1,1
BRDA:0,2,0,1
BRDA:0,2,1,1
BRDA:45,3,0,0
BRDA:45,3,1,0
BRF:6
BRH:4
end_of_record
TN:
SF:/Users/Sam/Desktop/Web/hw5/src/components/article/article.js
FN:0,_interopRequireDefault
FN:6,Article
FNF:2
FNH:1
FNDA:3,_interopRequireDefault
FNDA:0,Article
DA:0,3
DA:1,1
DA:2,1
DA:3,1
DA:6,1
DA:8,0
DA:15,1
LF:7
LH:6
BRDA:0,1,0,2
BRDA:0,1,1,1
BRDA:0,2,0,3
BRDA:0,2,1,3
BRF:4
BRH:4
end_of_record
TN:
SF:/Users/Sam/Desktop/Web/hw5/src/components/article/newArticle.js
FN:0,_interopRequireDefault
FN:5,NewArticle
FN:14,onClick
FN:17,onClick
FN:28,posting
FNF:5
FNH:1
FNDA:1,_interopRequireDefault
FNDA:0,NewArticle
FNDA:0,onClick
FNDA:0,onClick
FNDA:0,posting
DA:0,1
DA:1,1
DA:2,1
DA:3,1
DA:5,1
DA:7,0
DA:14,0
DA:17,0
DA:28,1
DA:29,0
DA:30,0
DA:31,0
DA:35,0
DA:39,1
LF:14
LH:7
BRDA:0,1,0,0
BRDA:0,1,1,1
BRDA:0,2,0,1
BRDA:0,2,1,1
BRDA:30,3,0,0
BRDA:30,3,1,0
BRF:6
BRH:4
end_of_record
TN:
SF:/Users/Sam/Desktop/Web/hw5/src/components/article/articlesView.js
FN:0,(anonymous_1)
FN:0,_interopRequireDefault
FN:0,_defineProperty
FN:5,Card
FN:21,(anonymous_5)
FN:31,onClick
FN:37,toggleDisplay
FN:45,Comment
FN:57,ArticlesView
FN:61,onChange
FN:68,(anonymous_11)
FN:79,(anonymous_12)
FN:82,(anonymous_13)
FN:84,(anonymous_14)
FN:89,(anonymous_15)
FN:96,(anonymous_16)
FN:97,(anonymous_17)
FNF:17
FNH:3
FNDA:0,(anonymous_1)
FNDA:1,_interopRequireDefault
FNDA:0,_defineProperty
FNDA:0,Card
FNDA:0,(anonymous_5)
FNDA:0,onClick
FNDA:0,toggleDisplay
FNDA:0,Comment
FNDA:0,ArticlesView
FNDA:0,onChange
FNDA:0,(anonymous_11)
FNDA:0,(anonymous_12)
FNDA:0,(anonymous_13)
FNDA:0,(anonymous_14)
FNDA:0,(anonymous_15)
FNDA:0,(anonymous_16)
FNDA:0,(anonymous_17)
DA:0,1
DA:1,1
DA:2,1
DA:3,1
DA:5,1
DA:6,0
DA:23,0
DA:31,0
DA:37,1
DA:38,0
DA:39,0
DA:42,0
DA:45,1
DA:46,0
DA:57,1
DA:59,0
DA:61,0
DA:70,0
DA:78,1
DA:80,0
DA:81,0
DA:82,0
DA:83,0
DA:84,0
DA:85,0
DA:89,0
DA:90,0
DA:91,0
DA:92,0
DA:93,0
DA:94,0
DA:96,0
DA:97,0
DA:98,0
DA:101,0
LF:35
LH:9
BRDA:0,1,0,1
BRDA:0,1,1,0
BRDA:0,2,0,0
BRDA:0,2,1,0
BRDA:0,3,0,0
BRDA:0,3,1,1
BRDA:0,4,0,1
BRDA:0,4,1,1
BRDA:0,5,0,0
BRDA:0,5,1,0
BRDA:10,6,0,0
BRDA:10,6,1,0
BRDA:16,7,0,0
BRDA:16,7,1,0
BRDA:38,8,0,0
BRDA:38,8,1,0
BRDA:48,9,0,0
BRDA:48,9,1,0
BRDA:83,10,0,0
BRDA:83,10,1,0
BRDA:83,11,0,0
BRDA:83,11,1,0
BRDA:85,12,0,0
BRDA:85,12,1,0
BRDA:90,13,0,0
BRDA:90,13,1,0
BRDA:92,14,0,0
BRDA:92,14,1,0
BRF:28
BRH:10
end_of_record
TN:
SF:/Users/Sam/Desktop/Web/hw5/src/components/auth/landing.js
FN:0,_interopRequireDefault
FN:10,Landing
FN:28,(anonymous_3)
FN:32,(anonymous_4)
FNF:4
FNH:1
FNDA:7,_interopRequireDefault
FNDA:0,Landing
FNDA:0,(anonymous_3)
FNDA:0,(anonymous_4)
DA:0,7
DA:1,1
DA:2,1
DA:3,1
DA:4,1
DA:5,1
DA:6,1
DA:7,1
DA:8,1
DA:10,1
DA:12,0
DA:27,1
DA:29,0
DA:33,0
LF:14
LH:11
BRDA:0,1,0,6
BRDA:0,1,1,1
BRDA:0,2,0,7
BRDA:0,2,1,7
BRF:4
BRH:4
end_of_record
TN:
SF:/Users/Sam/Desktop/Web/hw5/src/components/auth/login.js
FN:0,_interopRequireDefault
FN:11,Login
FN:16,onSubmit
FN:49,(anonymous_4)
FNF:4
FNH:1
FNDA:1,_interopRequireDefault
FNDA:0,Login
FNDA:0,onSubmit
FNDA:0,(anonymous_4)
DA:0,1
DA:1,1
DA:2,1
DA:3,1
DA:4,1
DA:6,1
DA:11,1
DA:13,0
DA:17,0
DA:18,0
DA:19,0
DA:20,0
DA:48,1
DA:50,0
LF:14
LH:8
BRDA:0,1,0,0
BRDA:0,1,1,1
BRDA:0,2,0,1
BRDA:0,2,1,1
BRF:4
BRH:4
end_of_record
TN:
SF:/Users/Sam/Desktop/Web/hw5/src/components/auth/register.js
FN:0,_interopRequireDefault
FN:9,Register
FN:14,onSubmit
FN:70,register
FN:90,(anonymous_5)
FN:95,(anonymous_6)
FN:97,Register
FNF:7
FNH:1
FNDA:1,_interopRequireDefault
FNDA:0,Register
FNDA:0,onSubmit
FNDA:0,register
FNDA:0,(anonymous_5)
FNDA:0,(anonymous_6)
FNDA:0,Register
DA:0,1
DA:1,1
DA:2,1
DA:4,1
DA:9,1
DA:11,0
DA:14,0
DA:70,1
DA:71,0
DA:72,0
DA:73,0
DA:74,0
DA:75,0
DA:76,0
DA:77,0
DA:78,0
DA:81,0
DA:89,1
DA:91,0
DA:96,0
DA:97,0
LF:21
LH:7
BRDA:0,1,0,0
BRDA:0,1,1,1
BRDA:0,2,0,1
BRDA:0,2,1,1
BRDA:76,3,0,0
BRDA:76,3,1,0
BRF:6
BRH:4
end_of_record
TN:
SF:/Users/Sam/Desktop/Web/hw5/src/components/profile/profile.js
FN:0,_interopRequireDefault
FN:7,Profile
FN:18,(anonymous_3)
FN:23,(anonymous_4)
FNF:4
FNH:1
FNDA:3,_interopRequireDefault
FNDA:0,Profile
FNDA:0,(anonymous_3)
FNDA:0,(anonymous_4)
DA:0,3
DA:1,1
DA:2,1
DA:3,1
DA:4,1
DA:7,1
DA:9,0
DA:17,1
DA:19,0
DA:24,0
LF:10
LH:7
BRDA:0,1,0,2
BRDA:0,1,1,1
BRDA:0,2,0,3
BRDA:0,2,1,3
BRF:4
BRH:4
end_of_record
TN:
SF:/Users/Sam/Desktop/Web/hw5/src/components/profile/profileForm.js
FN:0,_interopRequireDefault
FN:5,ProfileCard
FN:19,onSubmit
FN:79,validate
FN:104,ProfileView
FN:115,(anonymous_6)
FNF:6
FNH:1
FNDA:1,_interopRequireDefault
FNDA:0,ProfileCard
FNDA:0,onSubmit
FNDA:0,validate
FNDA:0,ProfileView
FNDA:0,(anonymous_6)
DA:0,1
DA:1,1
DA:2,1
DA:3,1
DA:5,1
DA:6,0
DA:8,0
DA:20,0
DA:21,0
DA:79,1
DA:80,0
DA:81,0
DA:82,0
DA:83,0
DA:84,0
DA:85,0
DA:86,0
DA:87,0
DA:89,0
DA:90,0
DA:92,0
DA:93,0
DA:95,0
DA:96,0
DA:97,0
DA:98,0
DA:99,0
DA:100,0
DA:104,1
DA:106,0
DA:114,1
DA:116,0
LF:32
LH:8
BRDA:0,1,0,0
BRDA:0,1,1,1
BRDA:0,2,0,1
BRDA:0,2,1,1
BRDA:86,3,0,0
BRDA:86,3,1,0
BRDA:89,4,0,0
BRDA:89,4,1,0
BRDA:92,5,0,0
BRDA:92,5,1,0
BRF:10
BRH:4
end_of_record
TN:
SF:/Users/Sam/Desktop/Web/hw5/src/components/article/articleActions.spec.js
FN:0,_interopRequireDefault
FN:8,(anonymous_2)
FN:9,(anonymous_3)
FN:23,(anonymous_4)
FN:30,(anonymous_5)
FN:39,(anonymous_6)
FN:43,(anonymous_7)
FN:47,(anonymous_8)
FN:50,(anonymous_9)
FN:58,(anonymous_10)
FN:66,(anonymous_11)
FNF:11
FNH:7
FNDA:2,_interopRequireDefault
FNDA:1,(anonymous_2)
FNDA:3,(anonymous_3)
FNDA:3,(anonymous_4)
FNDA:1,(anonymous_5)
FNDA:0,(anonymous_6)
FNDA:0,(anonymous_7)
FNDA:1,(anonymous_8)
FNDA:0,(anonymous_9)
FNDA:1,(anonymous_10)
FNDA:0,(anonymous_11)
DA:0,2
DA:1,1
DA:2,1
DA:3,1
DA:6,1
DA:8,1
DA:9,1
DA:10,3
DA:11,0
DA:12,0
DA:13,0
DA:14,0
DA:15,0
DA:16,0
DA:17,0
DA:18,0
DA:19,0
DA:23,1
DA:24,3
DA:25,0
DA:26,0
DA:30,1
DA:31,1
DA:32,1
DA:37,1
DA:39,1
DA:40,0
DA:43,0
DA:47,1
DA:48,1
DA:49,1
DA:50,1
DA:51,0
DA:52,0
DA:53,0
DA:58,1
DA:59,1
DA:64,1
DA:65,1
DA:66,1
DA:67,0
LF:41
LH:24
BRDA:0,1,0,0
BRDA:0,1,1,2
BRDA:0,2,0,2
BRDA:0,2,1,2
BRDA:10,3,0,0
BRDA:10,3,1,3
BRDA:24,4,0,0
BRDA:24,4,1,3
BRF:8
BRH:6
end_of_record
TN:
SF:/Users/Sam/Desktop/Web/hw5/src/components/article/articlesView.spec.js
FN:0,_interopRequireDefault
FN:9,(anonymous_2)
FN:10,(anonymous_3)
FN:22,(anonymous_4)
FNF:4
FNH:2
FNDA:3,_interopRequireDefault
FNDA:1,(anonymous_2)
FNDA:0,(anonymous_3)
FNDA:0,(anonymous_4)
DA:0,3
DA:1,1
DA:2,1
DA:3,1
DA:4,1
DA:5,1
DA:7,1
DA:9,1
DA:10,1
DA:11,0
DA:12,0
DA:13,0
DA:14,0
DA:15,0
DA:16,0
DA:17,0
DA:18,0
DA:22,1
DA:23,0
DA:24,0
DA:25,0
LF:21
LH:10
BRDA:0,1,0,0
BRDA:0,1,1,3
BRDA:0,2,0,3
BRDA:0,2,1,3
BRDA:11,3,0,0
BRDA:11,3,1,0
BRDA:23,4,0,0
BRDA:23,4,1,0
BRF:8
BRH:4
end_of_record
TN:
SF:/Users/Sam/Desktop/Web/hw5/src/components/article/comment.js
FN:0,_interopRequireDefault
FN:4,Comment
FNF:2
FNH:1
FNDA:1,_interopRequireDefault
FNDA:0,Comment
DA:0,1
DA:1,1
DA:2,1
DA:4,1
DA:5,0
DA:10,1
LF:6
LH:5
BRDA:0,1,0,0
BRDA:0,1,1,1
BRDA:0,2,0,1
BRDA:0,2,1,1
BRF:4
BRH:4
end_of_record
TN:
SF:/Users/Sam/Desktop/Web/hw5/src/components/auth/authActions.spec.js
FN:0,_interopRequireDefault
FN:8,(anonymous_2)
FN:9,(anonymous_3)
FN:22,(anonymous_4)
FN:29,(anonymous_5)
FN:42,(anonymous_6)
FN:52,(anonymous_7)
FN:63,(anonymous_8)
FN:72,(anonymous_9)
FN:85,(anonymous_10)
FN:89,(anonymous_11)
FNF:11
FNH:7
FNDA:2,_interopRequireDefault
FNDA:1,(anonymous_2)
FNDA:3,(anonymous_3)
FNDA:3,(anonymous_4)
FNDA:1,(anonymous_5)
FNDA:0,(anonymous_6)
FNDA:1,(anonymous_7)
FNDA:0,(anonymous_8)
FNDA:1,(anonymous_9)
FNDA:0,(anonymous_10)
FNDA:0,(anonymous_11)
DA:0,2
DA:1,1
DA:2,1
DA:3,1
DA:6,1
DA:8,1
DA:9,1
DA:10,3
DA:11,0
DA:12,0
DA:13,0
DA:14,0
DA:15,0
DA:16,0
DA:17,0
DA:18,0
DA:22,1
DA:23,3
DA:24,0
DA:25,0
DA:29,1
DA:31,1
DA:32,1
DA:34,1
DA:39,1
DA:40,1
DA:41,1
DA:43,0
DA:44,0
DA:45,0
DA:46,0
DA:47,0
DA:52,1
DA:53,1
DA:54,1
DA:56,1
DA:61,1
DA:62,1
DA:64,0
DA:65,0
DA:66,0
DA:67,0
DA:72,1
DA:74,1
DA:75,1
DA:77,1
DA:83,1
DA:84,1
DA:86,0
DA:89,0
DA:90,0
DA:93,0
LF:52
LH:29
BRDA:0,1,0,0
BRDA:0,1,1,2
BRDA:0,2,0,2
BRDA:0,2,1,2
BRDA:10,3,0,0
BRDA:10,3,1,3
BRDA:23,4,0,0
BRDA:23,4,1,3
BRDA:43,5,0,0
BRDA:43,5,1,0
BRF:10
BRH:6
end_of_record
TN:
SF:/Users/Sam/Desktop/Web/hw5/src/components/profile/profileActions.spec.js
FN:0,_interopRequireDefault
FN:6,(anonymous_2)
FN:8,(anonymous_3)
FN:20,(anonymous_4)
FN:27,(anonymous_5)
FN:38,(anonymous_6)
FNF:6
FNH:5
FNDA:2,_interopRequireDefault
FNDA:1,(anonymous_2)
FNDA:1,(anonymous_3)
FNDA:1,(anonymous_4)
FNDA:1,(anonymous_5)
FNDA:0,(anonymous_6)
DA:0,2
DA:1,1
DA:2,1
DA:3,1
DA:5,1
DA:6,1
DA:8,1
DA:9,1
DA:10,0
DA:11,0
DA:12,0
DA:13,0
DA:14,0
DA:15,0
DA:16,0
DA:20,1
DA:21,1
DA:22,0
DA:23,0
DA:27,1
DA:29,1
DA:30,1
DA:31,1
DA:32,1
DA:38,1
DA:39,0
DA:40,0
LF:27
LH:16
BRDA:0,1,0,0
BRDA:0,1,1,2
BRDA:0,2,0,2
BRDA:0,2,1,2
BRDA:9,3,0,0
BRDA:9,3,1,1
BRDA:21,4,0,0
BRDA:21,4,1,1
BRF:8
BRH:6
end_of_record
TN:
SF:/Users/Sam/Desktop/Web/hw5/src/reducers.js
FN:0,(anonymous_1)
FN:6,navi
FN:33,profile
FN:55,articles
FN:76,followers
FNF:5
FNH:5
FNDA:0,(anonymous_1)
FNDA:7,navi
FNDA:7,profile
FNDA:7,articles
FNDA:7,followers
DA:0,1
DA:1,1
DA:6,7
DA:7,7
DA:11,0
DA:16,0
DA:19,0
DA:22,0
DA:24,0
DA:28,1
DA:30,6
DA:33,7
DA:34,7
DA:38,1
DA:43,0
DA:45,0
DA:46,0
DA:47,0
DA:48,0
DA:49,0
DA:50,0
DA:52,6
DA:55,7
DA:56,7
DA:58,0
DA:60,0
DA:62,0
DA:64,1
DA:65,1
DA:66,1
DA:70,1
DA:73,5
DA:76,7
DA:77,7
DA:79,0
DA:81,0
DA:83,0
DA:85,7
DA:89,1
DA:93,1
LF:40
LH:22
BRDA:0,1,0,1
BRDA:0,1,1,0
BRDA:0,2,0,0
BRDA:0,2,1,0
BRDA:6,3,0,0
BRDA:6,3,1,7
BRDA:6,4,0,7
BRDA:6,4,1,7
BRDA:9,5,0,0
BRDA:9,5,1,0
BRDA:9,5,2,0
BRDA:9,5,3,0
BRDA:9,5,4,0
BRDA:9,5,5,1
BRDA:9,5,6,6
BRDA:33,6,0,0
BRDA:33,6,1,7
BRDA:33,7,0,7
BRDA:33,7,1,7
BRDA:36,8,0,1
BRDA:36,8,1,0
BRDA:36,8,2,0
BRDA:36,8,3,6
BRDA:45,9,0,0
BRDA:45,9,1,0
BRDA:46,10,0,0
BRDA:46,10,1,0
BRDA:47,11,0,0
BRDA:47,11,1,0
BRDA:48,12,0,0
BRDA:48,12,1,0
BRDA:49,13,0,0
BRDA:49,13,1,0
BRDA:50,14,0,0
BRDA:50,14,1,0
BRDA:55,15,0,0
BRDA:55,15,1,7
BRDA:55,16,0,7
BRDA:55,16,1,7
BRDA:57,17,0,0
BRDA:57,17,1,0
BRDA:57,17,2,0
BRDA:57,17,3,1
BRDA:57,17,4,1
BRDA:57,17,5,5
BRDA:76,18,0,0
BRDA:76,18,1,7
BRDA:76,19,0,7
BRDA:76,19,1,7
BRDA:78,20,0,0
BRDA:78,20,1,0
BRDA:78,20,2,0
BRDA:78,20,3,7
BRF:53
BRH:24
end_of_record
TN:
SF:/Users/Sam/Desktop/Web/hw5/src/reducers.spec.js
FN:0,(anonymous_1)
FN:0,_interopRequireDefault
FN:16,(anonymous_3)
FN:17,(anonymous_4)
FN:22,(anonymous_5)
FN:27,(anonymous_6)
FN:37,(anonymous_7)
FN:43,(anonymous_8)
FNF:8
FNH:8
FNDA:0,(anonymous_1)
FNDA:3,_interopRequireDefault
FNDA:1,(anonymous_3)
FNDA:1,(anonymous_4)
FNDA:1,(anonymous_5)
FNDA:1,(anonymous_6)
FNDA:1,(anonymous_7)
FNDA:1,(anonymous_8)
DA:0,3
DA:1,1
DA:2,1
DA:3,1
DA:4,1
DA:6,1
DA:8,1
DA:14,1
DA:16,1
DA:17,1
DA:18,1
DA:21,1
DA:22,1
DA:23,1
DA:27,1
DA:28,1
DA:32,1
DA:35,1
DA:36,1
DA:37,1
DA:38,1
DA:42,1
DA:43,1
DA:44,1
LF:24
LH:24
BRDA:0,1,0,1
BRDA:0,1,1,0
BRDA:0,2,0,0
BRDA:0,2,1,0
BRDA:0,3,0,0
BRDA:0,3,1,3
BRDA:0,4,0,3
BRDA:0,4,1,3
BRF:8
BRH:8
end_of_record
