
> starter@1.0.0 e2e:base /Users/Sam/Desktop/Web/hw6/frontend
> mocha --opts e2e/mocha.opts e2e/*.spec.js "--reporter" "xunit"

<testsuite name="Mocha Tests" tests="12" failures="0" errors="0" skipped="0" timestamp="Thu, 06 Apr 2017 00:58:23 GMT" time="40.839">
<testcase classname="Test Dummy Server Example Page" name="should log in as the test user" time="0.537"/>
<testcase classname="Test Dummy Server Example Page" name="Should post a new article" time="2.868"/>
<testcase classname="Test Dummy Server Example Page" name="Shoule edit an article" time="1.803"/>
<testcase classname="Test Dummy Server Example Page" name="Update the headline and verify the change" time="1.541"/>
<testcase classname="Test Dummy Server Example Page" name="should add a follower" time="3.247"/>
<testcase classname="Test Dummy Server Example Page" name="should remove a follower" time="3.612"/>
<testcase classname="Test Dummy Server Example Page" name="should search for articles" time="2.679"/>
<testcase classname="Test Dummy Server Example Page" name="should navigate to profile and update email" time="4.623"/>
<testcase classname="Test Dummy Server Example Page" name="should navigate to profile and update zipcode" time="6.538"/>
<testcase classname="Test Dummy Server Example Page" name="should navigate to profile and update password" time="4.452"/>
<testcase classname="Test registering new user" name="should successfully register" time="2.99"/>
<testcase classname="shutdown" name="now" time="0.113"/>
</testsuite>
