<?xml version="1.0"?>
<testsuite name="Chrome 56.0.2924 (Mac OS X 10.12.3)" package="" timestamp="2017-03-24T05:16:08" id="0" hostname="Hsin-Hans-MacBook-Pro.local" tests="15" errors="0" failures="10" time="0.008">
  <properties>
    <property name="browser.fullName" value="Mozilla/5.0 (Macintosh; Intel Mac OS X 10_12_3) AppleWebKit/537.36 (KHTML, like Gecko) Chrome/56.0.2924.87 Safari/537.36"/>
  </properties>
  <testcase name="Validate actions  should mock a request" time="0.002" classname="Chrome_56_0_2924_(Mac_OS_X_10_12_3).Validate actions ">
    <failure type="">TypeError: resource is not a function
    at Context.&lt;anonymous&gt; (/Users/Sam/Desktop/Web/hw5/tests.webpack.js:210:252 &lt;- webpack:///src/actions.spec.js:9:2298)
</failure>
  </testcase>
  <testcase name="Validate actions  should give me the http error" time="0" classname="Chrome_56_0_2924_(Mac_OS_X_10_12_3).Validate actions ">
    <failure type="">TypeError: resource is not a function
    at Context.&lt;anonymous&gt; (/Users/Sam/Desktop/Web/hw5/tests.webpack.js:214:85 &lt;- webpack:///src/actions.spec.js:9:2653)
</failure>
  </testcase>
  <testcase name="Validate actions  should be POSTable" time="0" classname="Chrome_56_0_2924_(Mac_OS_X_10_12_3).Validate actions ">
    <failure type="">TypeError: resource is not a function
    at Context.&lt;anonymous&gt; (/Users/Sam/Desktop/Web/hw5/tests.webpack.js:218:417 &lt;- webpack:///src/actions.spec.js:9:3302)
</failure>
  </testcase>
  <testcase name="Validate Article actions should fetch articles (mocked request)" time="0.001" classname="Chrome_56_0_2924_(Mac_OS_X_10_12_3).Validate Article actions">
    <failure type="">TypeError: fetchArticles is not a function
    at Context.&lt;anonymous&gt; (/Users/Sam/Desktop/Web/hw5/tests.webpack.js:40174:447 &lt;- webpack:///src/components/article/articleActions.spec.js:9:2946)
</failure>
  </testcase>
  <testcase name="Validate Article actions should update the search keyword" time="0" classname="Chrome_56_0_2924_(Mac_OS_X_10_12_3).Validate Article actions">
    <failure type="">TypeError: searchKeyword is not a function
    at Context.&lt;anonymous&gt; (/Users/Sam/Desktop/Web/hw5/tests.webpack.js:40180:209 &lt;- webpack:///src/components/article/articleActions.spec.js:9:3556)
</failure>
  </testcase>
  <testcase name="Validate Article actions should render articles" time="0.001" classname="Chrome_56_0_2924_(Mac_OS_X_10_12_3).Validate Article actions">
    <failure type="">TypeError: postArticle is not a function
    at Context.&lt;anonymous&gt; (/Users/Sam/Desktop/Web/hw5/tests.webpack.js:40184:433 &lt;- webpack:///src/components/article/articleActions.spec.js:9:4427)
</failure>
  </testcase>
  <testcase name="Validate Authentication (involves mocked requests) should log in a user" time="0" classname="Chrome_56_0_2924_(Mac_OS_X_10_12_3).Validate Authentication (involves mocked requests)">
    <failure type="">TypeError: userLogin is not a function
    at Context.&lt;anonymous&gt; (/Users/Sam/Desktop/Web/hw5/tests.webpack.js:96485:530 &lt;- webpack:///src/components/auth/authActions.spec.js:9:2907)
</failure>
  </testcase>
  <testcase name="Validate Authentication (involves mocked requests) should not log in an unauthorized user" time="0" classname="Chrome_56_0_2924_(Mac_OS_X_10_12_3).Validate Authentication (involves mocked requests)">
    <failure type="">TypeError: userLogin is not a function
    at Context.&lt;anonymous&gt; (/Users/Sam/Desktop/Web/hw5/tests.webpack.js:96493:483 &lt;- webpack:///src/components/auth/authActions.spec.js:9:4042)
</failure>
  </testcase>
  <testcase name="Validate Authentication (involves mocked requests) should log out a user" time="0" classname="Chrome_56_0_2924_(Mac_OS_X_10_12_3).Validate Authentication (involves mocked requests)">
    <failure type="">TypeError: userLogin is not a function
    at Context.&lt;anonymous&gt; (/Users/Sam/Desktop/Web/hw5/tests.webpack.js:96499:66 &lt;- webpack:///src/components/auth/authActions.spec.js:9:5099)
</failure>
  </testcase>
  <testcase name="Test profileActions should update the headline" time="0" classname="Chrome_56_0_2924_(Mac_OS_X_10_12_3).Test profileActions">
    <failure type="">TypeError: Cannot read property 'updateData' of undefined
    at Context.&lt;anonymous&gt; (/Users/Sam/Desktop/Web/hw5/tests.webpack.js:96542:483 &lt;- webpack:///src/components/profile/profileActions.spec.js:9:2750)
</failure>
  </testcase>
  <testcase name="Validate reducer (no fetch requests here) should initialize state" time="0.003" classname="Chrome_56_0_2924_(Mac_OS_X_10_12_3).Validate reducer (no fetch requests here)"/>
  <testcase name="Validate reducer (no fetch requests here) should state error (for displaying error message to user)" time="0" classname="Chrome_56_0_2924_(Mac_OS_X_10_12_3).Validate reducer (no fetch requests here)"/>
  <testcase name="Validate reducer (no fetch requests here) should state success (for displaying success message to user)" time="0" classname="Chrome_56_0_2924_(Mac_OS_X_10_12_3).Validate reducer (no fetch requests here)"/>
  <testcase name="Validate reducer (no fetch requests here) should update the articles" time="0.001" classname="Chrome_56_0_2924_(Mac_OS_X_10_12_3).Validate reducer (no fetch requests here)"/>
  <testcase name="Validate reducer (no fetch requests here) should set the search keyword" time="0" classname="Chrome_56_0_2924_(Mac_OS_X_10_12_3).Validate reducer (no fetch requests here)"/>
  <system-out>
    <![CDATA[
]]>
  </system-out>
  <system-err/>
</testsuite>